---------------------------------
Fri Jun 18 11:17:40 CEST 2010
---------------------------------
The system cannot find the file plwin.
---------------------------------
Fri Jun 18 11:20:05 CEST 2010
---------------------------------
The system cannot find the file plwin.
---------------------------------
Fri Jun 18 11:21:14 CEST 2010
---------------------------------
The system cannot find the file plwin.
---------------------------------
Fri Jun 18 11:24:23 CEST 2010
---------------------------------
The system cannot find the file swipl-win.
---------------------------------
Tue Jun 22 18:17:12 CEST 2010
---------------------------------
The system cannot find the file plwin.
---------------------------------
Wed Jun 23 11:17:27 CEST 2010
---------------------------------
The system cannot find the file plwin.
